[debug] [2017-09-24T00:32:57.599Z] ----------------------------------------------------------------------
[debug] [2017-09-24T00:32:57.602Z] Command:       c:\program files\nodejs\node.exe C:\Users\eduar\AppData\Roaming\npm\node_modules\firebase-tools\bin\firebase deploy
[debug] [2017-09-24T00:32:57.603Z] CLI Version:   3.12.0
[debug] [2017-09-24T00:32:57.603Z] Platform:      win32
[debug] [2017-09-24T00:32:57.603Z] Node Version:  v6.11.2
[debug] [2017-09-24T00:32:57.603Z] Time:          Sat Sep 23 2017 21:32:57 GMT-0300 (Hora oficial do Brasil)
[debug] [2017-09-24T00:32:57.603Z] ----------------------------------------------------------------------
[debug] 
[debug] [2017-09-24T00:32:57.621Z] > command requires scopes: ["email","openid","https://www.googleapis.com/auth/cloudplatformprojects.readonly","https://www.googleapis.com/auth/firebase","https://www.googleapis.com/auth/cloud-platform"]
[debug] [2017-09-24T00:32:57.621Z] > authorizing via signed-in user
[debug] [2017-09-24T00:32:57.623Z] >>> HTTP REQUEST GET https://admin.firebase.com/v1/projects/lentilha-1dd51  
 Sat Sep 23 2017 21:32:57 GMT-0300 (Hora oficial do Brasil)
[debug] [2017-09-24T00:32:58.696Z] <<< HTTP RESPONSE 200
[debug] [2017-09-24T00:32:58.696Z] >>> HTTP REQUEST GET https://admin.firebase.com/v1/database/lentilha-1dd51/tokens  
 Sat Sep 23 2017 21:32:58 GMT-0300 (Hora oficial do Brasil)
[debug] [2017-09-24T00:32:59.451Z] <<< HTTP RESPONSE 200
[info] 
[info] === Deploying to 'lentilha-1dd51'...
[info] 
[info] i  deploying database, hosting
[info] +  database: rules ready to deploy.
[info] i  hosting: preparing build directory for upload...
[debug] [2017-09-24T00:33:01.798Z] >>> HTTP REQUEST PUT https://deploy.firebase.com/v1/hosting/lentilha-1dd51/uploads/-KulIGiwx4jp5Xx-AApj?fileCount=9&message=  
 Sat Sep 23 2017 21:33:01 GMT-0300 (Hora oficial do Brasil)
